
=== CETVEL GÖNYE POZİSYONLARI ===
Tarih/Saat: 2025-06-20 03:25:20
==========================================
TopPiston      : Cetvel=  232 | Pozisyon=4,66mm | Hedef=5,00mm | Fark=-0,34mm
BottomPiston   : Cetvel=  539 | Pozisyon=10,79mm | Hedef=11,10mm | Fark=-0,31mm
LeftPiston     : Cetvel=  151 | Pozisyon=3,02mm | Hedef=3,75mm | Fark=-0,73mm
RightPiston    : Cetvel=    0 | Pozisyon=0,00mm | Hedef=0,00mm | Fark=0,00mm

--- YAN DAYAMA PİSTONLARI ---
LeftReelPiston      : Cetvel=  389 | Pozisyon=7,78mm (Geri çekilmiş)
LeftBodyPiston      : Cetvel=  540 | Pozisyon=10,81mm (Geri çekilmiş)
LeftJoinPiston      : Cetvel= 1309 | Pozisyon=26,18mm (Geri çekilmiş)
RightReelPiston     : Cetvel=  403 | Pozisyon=8,07mm (Geri çekilmiş)
RightBodyPiston     : Cetvel=  700 | Pozisyon=14,02mm (Geri çekilmiş)
RightJoinPiston     : Cetvel=  508 | Pozisyon=10,19mm (Geri çekilmiş)
==========================================

=== CETVEL GÖNYE POZİSYONLARI ===
Tarih/Saat: 2025-06-20 03:27:30
==========================================
TopPiston      : Cetvel=  234 | Pozisyon=4,70mm | Hedef=5,00mm | Fark=-0,30mm
BottomPiston   : Cetvel=  550 | Pozisyon=11,01mm | Hedef=11,10mm | Fark=-0,09mm
LeftPiston     : Cetvel=  143 | Pozisyon=2,86mm | Hedef=3,75mm | Fark=-0,89mm
RightPiston    : Cetvel=    0 | Pozisyon=0,00mm | Hedef=0,00mm | Fark=0,00mm

--- YAN DAYAMA PİSTONLARI ---
LeftReelPiston      : Cetvel=  390 | Pozisyon=7,80mm (Geri çekilmiş)
LeftBodyPiston      : Cetvel=  541 | Pozisyon=10,83mm (Geri çekilmiş)
LeftJoinPiston      : Cetvel= 1308 | Pozisyon=26,16mm (Geri çekilmiş)
RightReelPiston     : Cetvel=  404 | Pozisyon=8,09mm (Geri çekilmiş)
RightBodyPiston     : Cetvel=  699 | Pozisyon=14,00mm (Geri çekilmiş)
RightJoinPiston     : Cetvel=  508 | Pozisyon=10,19mm (Geri çekilmiş)
==========================================

=== CETVEL GÖNYE POZİSYONLARI ===
Tarih/Saat: 2025-06-20 03:31:19
==========================================
TopPiston      : Cetvel=  233 | Pozisyon=4,68mm | Hedef=5,00mm | Fark=-0,32mm
BottomPiston   : Cetvel=  548 | Pozisyon=10,97mm | Hedef=11,10mm | Fark=-0,13mm
LeftPiston     : Cetvel=  144 | Pozisyon=2,88mm | Hedef=3,75mm | Fark=-0,87mm
RightPiston    : Cetvel=    0 | Pozisyon=0,00mm | Hedef=0,00mm | Fark=0,00mm

--- YAN DAYAMA PİSTONLARI ---
LeftReelPiston      : Cetvel=  390 | Pozisyon=7,80mm (Geri çekilmiş)
LeftBodyPiston      : Cetvel=  539 | Pozisyon=10,79mm (Geri çekilmiş)
LeftJoinPiston      : Cetvel= 1308 | Pozisyon=26,16mm (Geri çekilmiş)
RightReelPiston     : Cetvel=  404 | Pozisyon=8,09mm (Geri çekilmiş)
RightBodyPiston     : Cetvel=  700 | Pozisyon=14,02mm (Geri çekilmiş)
RightJoinPiston     : Cetvel=  507 | Pozisyon=10,17mm (Geri çekilmiş)
==========================================
